[+] Containers:
 |- [+] Container: /Game/ThirdPerson/Maps/ThirdPersonMap
 |   |- [+] ActorDescs:
 |   |   |- Guid:02E9033B4539E53FFAB34DBC428ECB82 BaseClass: NativeClass:/Script/GeometryCollectionEngine.GeometryCollectionActor Name:GeometryCollectionActor_UAID_F854F6DC2ADCECCC02_1906010464 Label:Round_Pot_GeometryCollection SpatiallyLoaded:1 Bounds:IsValid=true, Min=(X=2214.961 Y=1105.178 Z=0.122), Max=(X=2264.435 Y=1154.652 Z=50.516) RuntimeGrid:None EditorOnly:0 RuntimeOnly:0 HLODRelevant:0 FolderPath:Destruibles FolderGuid:18D91CC849BD08D5C7D37680C2B854AF
 |   |   |- Guid:03A0E23A41C4E39C57A2F9BA81BE5BEA BaseClass: NativeClass:/Script/Foliage.InstancedFoliageActor Name:InstancedFoliageActor_25600_-1_0_0 Label:InstancedFoliageActor_-1_0_0 SpatiallyLoaded:1 Bounds:IsValid=true, Min=(X=-25600.000 Y=0.000 Z=0.000), Max=(X=0.000 Y=25600.000 Z=25600.000) RuntimeGrid:None EditorOnly:0 RuntimeOnly:0 HLODRelevant:1
 |   |   |- Guid:0CE18D7B49F2B4E789BBAD91F112BDE0 BaseClass: NativeClass:/Script/Foliage.InstancedFoliageActor Name:InstancedFoliageActor_25600_0_0_0 Label:InstancedFoliageActor_0_0_0 SpatiallyLoaded:1 Bounds:IsValid=true, Min=(X=0.000 Y=0.000 Z=0.000), Max=(X=25600.000 Y=25600.000 Z=25600.000) RuntimeGrid:None EditorOnly:0 RuntimeOnly:0 HLODRelevant:1
 |   |   |- Guid:0D40869B4A52D43056D60596FC8ACA26 BaseClass: NativeClass:/Script/Landscape.LandscapeStreamingProxy Name:LandscapeStreamingProxy_AV9GHCSVL4EA56VSNM6GNZKME_62_0_0_0 Label:LandscapeStreamingProxy_0_0_0 SpatiallyLoaded:1 Bounds:IsValid=true, Min=(X=-1500.000 Y=-1500.000 Z=-736.719), Max=(X=4700.000 Y=4700.000 Z=2458.594) RuntimeGrid:None EditorOnly:0 RuntimeOnly:0 HLODRelevant:1
 |   |   |- Guid:10228EA143115EDA17CEC3BA438B3F69 BaseClass: NativeClass:/Script/Foliage.InstancedFoliageActor Name:InstancedFoliageActor_25600_-1_0_-1 Label:InstancedFoliageActor_-1_0_-1 SpatiallyLoaded:1 Bounds:IsValid=true, Min=(X=-25600.000 Y=0.000 Z=-25600.000), Max=(X=0.000 Y=25600.000 Z=0.000) RuntimeGrid:None EditorOnly:0 RuntimeOnly:0 HLODRelevant:1
 |   |   |- Guid:198F2A1E413B4E6C5781308B05A65520 BaseClass: NativeClass:/Script/GeometryCollectionEngine.GeometryCollectionActor Name:GeometryCollectionActor_UAID_F854F6DC2ADCEDCC02_2111274655 Label:Wooden_Bucket1_GeometryCollection SpatiallyLoaded:1 Bounds:IsValid=true, Min=(X=2007.617 Y=1717.972 Z=0.083), Max=(X=2072.085 Y=1782.601 Z=36.787) RuntimeGrid:None EditorOnly:0 RuntimeOnly:0 HLODRelevant:0 FolderPath:Destruibles FolderGuid:18D91CC849BD08D5C7D37680C2B854AF
 |   |   |- Guid:2658CED944A1A174AD641D99BF93DD2F BaseClass: NativeClass:/Script/Engine.StaticMeshActor Name:StaticMeshActor_UAID_F854F6DC2ADCD4C302_1456968727 Label:Well SpatiallyLoaded:1 Bounds:IsValid=true, Min=(X=2468.960 Y=1758.312 Z=-25.085), Max=(X=2708.831 Y=1962.414 Z=302.006) RuntimeGrid:None EditorOnly:0 RuntimeOnly:0 HLODRelevant:1
 |   |   |- Guid:2A8BF96141449A37837FB394296D8418 BaseClass: NativeClass:/Script/Engine.StaticMeshActor Name:StaticMeshActor_UAID_F854F6DC2ADCD7D302_1879116181 Label:Table_LOD0 SpatiallyLoaded:1 Bounds:IsValid=true, Min=(X=1781.662 Y=1103.472 Z=-0.000), Max=(X=1977.667 Y=1335.962 Z=76.167) RuntimeGrid:None EditorOnly:0 RuntimeOnly:0 HLODRelevant:1 FolderPath:Casitas/Tent FolderGuid:E219AE134FB862DDEA0EADB1703B980D
 |   |   |- Guid:2DDF095C49F4750BAE2B46802AAD0B43 BaseClass: NativeClass:/Script/Landscape.LandscapeStreamingProxy Name:LandscapeStreamingProxy_AV9GHCSVL4EA56VSNM6GNZKME_62_-2_-2_0 Label:LandscapeStreamingProxy_-2_-2_0 SpatiallyLoaded:1 Bounds:IsValid=true, Min=(X=-13900.000 Y=-13900.000 Z=0.000), Max=(X=-13900.000 Y=-13900.000 Z=0.000) RuntimeGrid:None EditorOnly:0 RuntimeOnly:0 HLODRelevant:0
 |   |   |- Guid:2FB58999456391D349DC0F86DAC136ED BaseClass: NativeClass:/Script/Engine.SkyLight Name:SkyLight_1 Label:SkyLight SpatiallyLoaded:0 Bounds:IsValid=true, Min=(X=0.000 Y=0.000 Z=690.000), Max=(X=0.000 Y=0.000 Z=690.000) RuntimeGrid:None EditorOnly:0 RuntimeOnly:0 HLODRelevant:0 FolderPath:Lighting FolderGuid:963EC3EB4002CCE9759E2EBA541A873A
 |   |   |- Guid:316CF2A6494ACA4C0E4180A87D36AB8F BaseClass: NativeClass:/Script/Engine.ExponentialHeightFog Name:ExponentialHeightFog_0 Label:ExponentialHeightFog SpatiallyLoaded:0 Bounds:IsValid=true, Min=(X=-5600.000 Y=-50.000 Z=-6850.000), Max=(X=-5600.000 Y=-50.000 Z=-6850.000) RuntimeGrid:None EditorOnly:0 RuntimeOnly:0 HLODRelevant:0 FolderPath:Lighting FolderGuid:963EC3EB4002CCE9759E2EBA541A873A
 |   |   |- Guid:31D16E174BB47B1D3C4984B9F4233050 BaseClass: NativeClass:/Script/Niagara.NiagaraActor Name:NiagaraActor_UAID_F854F6DC2ADCF3CC02_1397100690 Label:P_Smoke SpatiallyLoaded:1 Bounds:IsValid=true, Min=(X=1199.867 Y=1857.254 Z=-64.076), Max=(X=1390.476 Y=2041.538 Z=228.375) RuntimeGrid:None EditorOnly:0 RuntimeOnly:0 HLODRelevant:0 FolderPath:Fireplace FolderGuid:6B48E697406D3D12A58F6096FB4ACE15
 |   |   |- Guid:35AA17BF4B9E67F91C17E9B7CDE76F21 BaseClass: NativeClass:/Script/Foliage.InstancedFoliageActor Name:InstancedFoliageActor_25600_0_0_-1 Label:InstancedFoliageActor_0_0_-1 SpatiallyLoaded:1 Bounds:IsValid=true, Min=(X=0.000 Y=0.000 Z=-25600.000), Max=(X=25600.000 Y=25600.000 Z=0.000) RuntimeGrid:None EditorOnly:0 RuntimeOnly:0 HLODRelevant:1
 |   |   |- Guid:3618F85C4111AB20CA325380AD13F37B BaseClass: NativeClass:/Script/Landscape.LandscapeStreamingProxy Name:LandscapeStreamingProxy_AV9GHCSVL4EA56VSNM6GNZKME_62_1_-1_0 Label:LandscapeStreamingProxy_1_-1_0 SpatiallyLoaded:1 Bounds:IsValid=true, Min=(X=4700.000 Y=-4600.000 Z=317.188), Max=(X=7800.000 Y=-1500.000 Z=4174.219) RuntimeGrid:None EditorOnly:0 RuntimeOnly:0 HLODRelevant:1
 |   |   |- Guid:38ABFE0940B17AF8E9F699A62563C60B BaseClass: NativeClass:/Script/Engine.StaticMeshActor Name:StaticMeshActor_UAID_F854F6DC2ADCDBD302_1714573856 Label:Long_Stool_LOD0 SpatiallyLoaded:1 Bounds:IsValid=true, Min=(X=1750.619 Y=1225.845 Z=0.284), Max=(X=1829.726 Y=1333.608 Z=37.643) RuntimeGrid:None EditorOnly:0 RuntimeOnly:0 HLODRelevant:1 FolderPath:Casitas/Tent FolderGuid:E219AE134FB862DDEA0EADB1703B980D
 |   |   |- Guid:3A00AA1C422CE54C0BDB60BAF471BFBB BaseClass: NativeClass:/Script/Engine.PlayerStart Name:PlayerStart_0 Label:PlayerStart SpatiallyLoaded:0 Bounds:IsValid=true, Min=(X=-1710.000 Y=-1220.000 Z=450.013), Max=(X=-1630.000 Y=-1140.000 Z=634.013) RuntimeGrid:None EditorOnly:0 RuntimeOnly:0 HLODRelevant:0
 |   |   |- Guid:3C93386947FD6DC012B08EB9BA836E7D BaseClass: NativeClass:/Script/Landscape.LandscapeStreamingProxy Name:LandscapeStreamingProxy_AV9GHCSVL4EA56VSNM6GNZKME_62_1_0_0 Label:LandscapeStreamingProxy_1_0_0 SpatiallyLoaded:1 Bounds:IsValid=true, Min=(X=4700.000 Y=-1500.000 Z=-736.719), Max=(X=7800.000 Y=4700.000 Z=4223.438) RuntimeGrid:None EditorOnly:0 RuntimeOnly:0 HLODRelevant:1
 |   |   |- Guid:4CF657C0439F752644401596BD4A9270 BaseClass: NativeClass:/Script/Foliage.InstancedFoliageActor Name:InstancedFoliageActor_25600_0_-1_0 Label:InstancedFoliageActor_0_-1_0 SpatiallyLoaded:1 Bounds:IsValid=true, Min=(X=0.000 Y=-25600.000 Z=0.000), Max=(X=25600.000 Y=0.000 Z=25600.000) RuntimeGrid:None EditorOnly:0 RuntimeOnly:0 HLODRelevant:1
 |   |   |- Guid:4D3BE93F4146AAAC8BBE79999D96D57F BaseClass: NativeClass:/Script/Engine.VolumetricCloud Name:VolumetricCloud_0 Label:VolumetricCloud SpatiallyLoaded:0 Bounds:IsValid=true, Min=(X=0.000 Y=0.000 Z=820.000), Max=(X=0.000 Y=0.000 Z=820.000) RuntimeGrid:None EditorOnly:0 RuntimeOnly:0 HLODRelevant:0 FolderPath:Lighting FolderGuid:963EC3EB4002CCE9759E2EBA541A873A
 |   |   |- Guid:4E41DFD34895B47F8A3C31B25D3271CF BaseClass: NativeClass:/Script/Landscape.LandscapeStreamingProxy Name:LandscapeStreamingProxy_AV9GHCSVL4EA56VSNM6GNZKME_62_0_-1_0 Label:LandscapeStreamingProxy_0_-1_0 SpatiallyLoaded:1 Bounds:IsValid=true, Min=(X=-1500.000 Y=-4600.000 Z=317.188), Max=(X=4700.000 Y=-1500.000 Z=3378.906) RuntimeGrid:None EditorOnly:0 RuntimeOnly:0 HLODRelevant:1
 |   |   |- Guid:5306E2BF47226F4856A77D8B77B2132C BaseClass: NativeClass:/Script/GeometryCollectionEngine.GeometryCollectionActor Name:GeometryCollectionActor_UAID_F854F6DC2ADCEDCC02_1146436646 Label:Tall_Pot_GeometryCollection SpatiallyLoaded:1 Bounds:IsValid=true, Min=(X=2223.340 Y=1153.663 Z=-0.011), Max=(X=2276.161 Y=1206.484 Z=79.315) RuntimeGrid:None EditorOnly:0 RuntimeOnly:0 HLODRelevant:0 FolderPath:Destruibles FolderGuid:18D91CC849BD08D5C7D37680C2B854AF
 |   |   |- Guid:56A564A24DC6C24498EA2C9095D3DDB1 BaseClass: NativeClass:/Script/Niagara.NiagaraActor Name:NiagaraActor_UAID_F854F6DC2ADCEFCC02_1612675984 Label:P_Fireflights SpatiallyLoaded:1 Bounds:IsValid=true, Min=(X=-3380.932 Y=3000.975 Z=227.876), Max=(X=-3180.932 Y=3200.975 Z=427.876) RuntimeGrid:None EditorOnly:0 RuntimeOnly:0 HLODRelevant:0
 |   |   |- Guid:59FA2561462C8279C2470BABCE75B554 BaseClass: NativeClass:/Script/Landscape.Landscape Name:Landscape_UAID_581122B2747A9CC102_1838571759 Label:Landscape SpatiallyLoaded:0 Bounds:IsValid=true, Min=(X=-1500.000 Y=-1500.000 Z=0.000), Max=(X=-1500.000 Y=-1500.000 Z=0.000) RuntimeGrid:None EditorOnly:0 RuntimeOnly:0 HLODRelevant:0
 |   |   |- Guid:6BAF4DDD444C60371492D3919DB42C97 BaseClass: NativeClass:/Script/Engine.WorldDataLayers Name:WorldDataLayers Label:WorldDataLayers SpatiallyLoaded:0 Bounds:IsValid=true, Min=(X=0.000 Y=0.000 Z=0.000), Max=(X=0.000 Y=0.000 Z=0.000) RuntimeGrid:None EditorOnly:0 RuntimeOnly:0 HLODRelevant:0
 |   |   |- Guid:6C37F43F40AD0740B40AAC9330BD368C BaseClass: NativeClass:/Script/Engine.StaticMeshActor Name:StaticMeshActor_UAID_F854F6DC2ADCDBD302_1730619857 Label:Stool_LOD1 SpatiallyLoaded:1 Bounds:IsValid=true, Min=(X=1549.353 Y=1327.335 Z=-0.122), Max=(X=1611.095 Y=1393.223 Z=31.645) RuntimeGrid:None EditorOnly:0 RuntimeOnly:0 HLODRelevant:1 FolderPath:Casitas/Tent FolderGuid:E219AE134FB862DDEA0EADB1703B980D
 |   |   |- Guid:6C76FDF645EA8D2FFE05AB8911104F1E BaseClass: NativeClass:/Script/Engine.StaticMeshActor Name:StaticMeshActor_UAID_F854F6DC2ADCD8D302_1589993359 Label:Crate_LOD0 SpatiallyLoaded:1 Bounds:IsValid=true, Min=(X=2255.301 Y=1362.601 Z=10.058), Max=(X=2458.071 Y=1588.889 Z=120.051) RuntimeGrid:None EditorOnly:0 RuntimeOnly:0 HLODRelevant:1 FolderPath:Casitas/Tent FolderGuid:E219AE134FB862DDEA0EADB1703B980D
 |   |   |- Guid:6EDB1A0643CEC49712DA97A2A49A8248 BaseClass:/Game/Destruibles/AnchorDestruible.AnchorDestruible_C NativeClass:/Script/FieldSystemEngine.FieldSystemActor Name:AnchorDestruible_C_UAID_F854F6DC2ADCEDCC02_2087979653 Label:AnchorDestruible5 SpatiallyLoaded:1 Bounds:IsValid=true, Min=(X=2030.000 Y=1740.000 Z=-12.500), Max=(X=2050.000 Y=1760.000 Z=24.375) RuntimeGrid:None EditorOnly:0 RuntimeOnly:0 HLODRelevant:0 Parent:198F2A1E413B4E6C5781308B05A65520 FolderPath:Destruibles FolderGuid:18D91CC849BD08D5C7D37680C2B854AF
 |   |   |- Guid:76424EA0413E3AA12847AF822A4E790C BaseClass: NativeClass:/Script/Engine.StaticMeshActor Name:StaticMeshActor_UAID_F854F6DC2ADCD5C302_2099776905 Label:Wolf SpatiallyLoaded:1 Bounds:IsValid=true, Min=(X=1414.544 Y=2406.773 Z=-13.665), Max=(X=1555.917 Y=2656.230 Z=133.160) RuntimeGrid:None EditorOnly:0 RuntimeOnly:0 HLODRelevant:1
 |   |   |- Guid:8539C7B3465B985B2C8FEC9DA5488FF5 BaseClass: NativeClass:/Script/Landscape.LandscapeStreamingProxy Name:LandscapeStreamingProxy_AV9GHCSVL4EA56VSNM6GNZKME_62_-1_0_0 Label:LandscapeStreamingProxy_-1_0_0 SpatiallyLoaded:1 Bounds:IsValid=true, Min=(X=-4600.000 Y=-1500.000 Z=-121.875), Max=(X=-1500.000 Y=4700.000 Z=2421.094) RuntimeGrid:None EditorOnly:0 RuntimeOnly:0 HLODRelevant:1
 |   |   |- Guid:8EBA6BE84D1DEC90DD7F859BF0660E94 BaseClass: NativeClass:/Script/Landscape.LandscapeStreamingProxy Name:LandscapeStreamingProxy_AV9GHCSVL4EA56VSNM6GNZKME_62_-1_-1_0 Label:LandscapeStreamingProxy_-1_-1_0 SpatiallyLoaded:1 Bounds:IsValid=true, Min=(X=-4600.000 Y=-4600.000 Z=99.219), Max=(X=-1500.000 Y=-1500.000 Z=2616.406) RuntimeGrid:None EditorOnly:0 RuntimeOnly:0 HLODRelevant:1
 |   |   |- Guid:94AFE4404DD6E6B36D78B38CBE47D2F5 BaseClass:/Game/Destruibles/AnchorDestruible.AnchorDestruible_C NativeClass:/Script/FieldSystemEngine.FieldSystemActor Name:AnchorDestruible_C_UAID_F854F6DC2ADCE9CC02_1539778931 Label:AnchorDestruible SpatiallyLoaded:1 Bounds:IsValid=true, Min=(X=2240.000 Y=2080.000 Z=-22.500), Max=(X=2300.000 Y=2140.000 Z=38.125) RuntimeGrid:None EditorOnly:0 RuntimeOnly:0 HLODRelevant:0 Parent:BBFD419F482334DF6E803C95D59A81FE FolderPath:Destruibles FolderGuid:18D91CC849BD08D5C7D37680C2B854AF
 |   |   |- Guid:98DBBFC94185C6B40AE894A1519D78FA BaseClass: NativeClass:/Script/Engine.StaticMeshActor Name:StaticMeshActor_UAID_F854F6DC2ADCDBD302_1699047855 Label:Stool_LOD0 SpatiallyLoaded:1 Bounds:IsValid=true, Min=(X=1939.529 Y=1154.164 Z=-0.122), Max=(X=1980.580 Y=1206.543 Z=31.645) RuntimeGrid:None EditorOnly:0 RuntimeOnly:0 HLODRelevant:1 FolderPath:Casitas/Tent FolderGuid:E219AE134FB862DDEA0EADB1703B980D
 |   |   |- Guid:999579FE41FC4D800A17A58290B2D965 BaseClass: NativeClass:/Script/Engine.StaticMeshActor Name:StaticMeshActor_UAID_F854F6DC2ADC07C402_1927860707 Label:Daisy_2 SpatiallyLoaded:1 Bounds:IsValid=true, Min=(X=-3298.014 Y=3023.784 Z=347.892), Max=(X=-3264.096 Y=3059.880 Z=405.981) RuntimeGrid:None EditorOnly:0 RuntimeOnly:0 HLODRelevant:1
 |   |   |- Guid:9F70328E44D69233B5DD3D99DCE8F20E BaseClass: NativeClass:/Script/Foliage.InstancedFoliageActor Name:InstancedFoliageActor_25600_-1_-1_0 Label:InstancedFoliageActor_-1_-1_0 SpatiallyLoaded:1 Bounds:IsValid=true, Min=(X=-25600.000 Y=-25600.000 Z=0.000), Max=(X=0.000 Y=0.000 Z=25600.000) RuntimeGrid:None EditorOnly:0 RuntimeOnly:0 HLODRelevant:1
 |   |   |- Guid:A3E0954E4CD3AF475E8A829AD79FF685 BaseClass: NativeClass:/Script/Engine.StaticMeshActor Name:StaticMeshActor_UAID_F854F6DC2ADCD7D302_1901114182 Label:Table_LOD1 SpatiallyLoaded:1 Bounds:IsValid=true, Min=(X=1561.662 Y=1213.472 Z=-0.000), Max=(X=1757.667 Y=1445.962 Z=76.167) RuntimeGrid:None EditorOnly:0 RuntimeOnly:0 HLODRelevant:1 FolderPath:Casitas/Tent FolderGuid:E219AE134FB862DDEA0EADB1703B980D
 |   |   |- Guid:A678B00D4152A9303204AB823B7964DA BaseClass: NativeClass:/Script/GeometryCollectionEngine.GeometryCollectionActor Name:GeometryCollectionActor_UAID_F854F6DC2ADCEDCC02_2117212656 Label:Wooden_Bucket2_GeometryCollection SpatiallyLoaded:1 Bounds:IsValid=true, Min=(X=2135.529 Y=1756.376 Z=0.064), Max=(X=2164.735 Y=1783.437 Z=28.297) RuntimeGrid:None EditorOnly:0 RuntimeOnly:0 HLODRelevant:0 FolderPath:Destruibles FolderGuid:18D91CC849BD08D5C7D37680C2B854AF
 |   |   |- Guid:A69740854953D9F4EB9C5F9163CF129D BaseClass: NativeClass:/Script/Engine.StaticMeshActor Name:StaticMeshActor_UAID_F854F6DC2ADC08C402_1805201879 Label:Daisy_patch2 SpatiallyLoaded:1 Bounds:IsValid=true, Min=(X=4205.927 Y=1341.845 Z=15.793), Max=(X=4266.596 Y=1387.922 Z=82.792) RuntimeGrid:None EditorOnly:0 RuntimeOnly:0 HLODRelevant:1
 |   |   |- Guid:AEB483894951A18EBA5B8E80A75193CE BaseClass: NativeClass:/Script/Engine.StaticMeshActor Name:StaticMeshActor_UAID_F854F6DC2ADC07C402_1500093706 Label:Daisy_patch SpatiallyLoaded:1 Bounds:IsValid=true, Min=(X=-3239.442 Y=3047.744 Z=312.368), Max=(X=-3168.060 Y=3093.821 Z=388.884) RuntimeGrid:None EditorOnly:0 RuntimeOnly:0 HLODRelevant:1
 |   |   |- Guid:B785ED2844B84CFB91E7F39FE661CD99 BaseClass: NativeClass:/Script/Engine.DirectionalLight Name:DirectionalLight_0 Label:DirectionalLight SpatiallyLoaded:0 Bounds:IsValid=true, Min=(X=-1048576.000 Y=-1048576.000 Z=-1048576.000), Max=(X=1048576.000 Y=1048576.000 Z=1048576.000) RuntimeGrid:None EditorOnly:0 RuntimeOnly:0 HLODRelevant:0 FolderPath:Lighting FolderGuid:963EC3EB4002CCE9759E2EBA541A873A
 |   |   |- Guid:BBFD419F482334DF6E803C95D59A81FE BaseClass: NativeClass:/Script/GeometryCollectionEngine.GeometryCollectionActor Name:GeometryCollectionActor_UAID_F854F6DC2ADCE9CC02_1130004930 Label:Barrel_LOD0_GeometryCollection2 SpatiallyLoaded:1 Bounds:IsValid=true, Min=(X=2229.847 Y=2071.229 Z=-10.112), Max=(X=2307.042 Y=2148.415 Z=86.857) RuntimeGrid:None EditorOnly:0 RuntimeOnly:0 HLODRelevant:0 FolderPath:Destruibles FolderGuid:18D91CC849BD08D5C7D37680C2B854AF
 |   |   |- Guid:BF876ADB41EB2B445FAAC08CB09A801B BaseClass: NativeClass:/Script/Engine.StaticMeshActor Name:StaticMeshActor_UAID_F854F6DC2ADCEECC02_1765481833 Label:House_1 SpatiallyLoaded:1 Bounds:IsValid=true, Min=(X=1811.198 Y=2038.797 Z=-27.270), Max=(X=2910.177 Y=3109.641 Z=825.760) RuntimeGrid:None EditorOnly:0 RuntimeOnly:0 HLODRelevant:1 FolderPath:Casitas FolderGuid:BBDBAD2B40F35253EEFC79A492A20961
 |   |   |- Guid:C37D05F1421A9AD52955DC8F807814C8 BaseClass: NativeClass:/Script/Engine.StaticMeshActor Name:StaticMeshActor_UAID_F854F6DC2ADC05C402_2008831351 Label:Wood_pile SpatiallyLoaded:1 Bounds:IsValid=true, Min=(X=1257.141 Y=1883.652 Z=-19.163), Max=(X=1369.710 Y=1987.645 Z=6.063) RuntimeGrid:None EditorOnly:0 RuntimeOnly:0 HLODRelevant:1 FolderPath:Fireplace FolderGuid:6B48E697406D3D12A58F6096FB4ACE15
 |   |   |- Guid:C777A1404BB55F3FF61CA58302E1BF3E BaseClass: NativeClass:/Script/Foliage.InstancedFoliageActor Name:InstancedFoliageActor_25600_0_-1_-1 Label:InstancedFoliageActor_0_-1_-1 SpatiallyLoaded:1 Bounds:IsValid=true, Min=(X=0.000 Y=-25600.000 Z=-25600.000), Max=(X=25600.000 Y=0.000 Z=0.000) RuntimeGrid:None EditorOnly:0 RuntimeOnly:0 HLODRelevant:1
 |   |   |- Guid:CCFF262C46EEFFDF319E7F9539CE697E BaseClass: NativeClass:/Script/Engine.SkyAtmosphere Name:SkyAtmosphere_0 Label:SkyAtmosphere SpatiallyLoaded:0 Bounds:IsValid=true, Min=(X=0.000 Y=0.000 Z=1020.000), Max=(X=0.000 Y=0.000 Z=1020.000) RuntimeGrid:None EditorOnly:0 RuntimeOnly:0 HLODRelevant:0 FolderPath:Lighting FolderGuid:963EC3EB4002CCE9759E2EBA541A873A
 |   |   |- Guid:D2585F3F43D65D0F3D3A0B9C0919A465 BaseClass:/Game/Destruibles/AnchorDestruible.AnchorDestruible_C NativeClass:/Script/FieldSystemEngine.FieldSystemActor Name:AnchorDestruible_C_UAID_F854F6DC2ADCECCC02_2123981467 Label:AnchorDestruible3 SpatiallyLoaded:1 Bounds:IsValid=true, Min=(X=2240.000 Y=1170.000 Z=-2.500), Max=(X=2260.000 Y=1190.000 Z=34.375) RuntimeGrid:None EditorOnly:0 RuntimeOnly:0 HLODRelevant:0 Parent:5306E2BF47226F4856A77D8B77B2132C FolderPath:Destruibles FolderGuid:18D91CC849BD08D5C7D37680C2B854AF
 |   |   |- Guid:DA9A90D54A2DE9F0905438A723C7837E BaseClass:/Game/Destruibles/AnchorDestruible.AnchorDestruible_C NativeClass:/Script/FieldSystemEngine.FieldSystemActor Name:AnchorDestruible_C_UAID_F854F6DC2ADCECCC02_2134323468 Label:AnchorDestruible4 SpatiallyLoaded:1 Bounds:IsValid=true, Min=(X=2180.000 Y=1090.000 Z=-22.500), Max=(X=2200.000 Y=1110.000 Z=14.375) RuntimeGrid:None EditorOnly:0 RuntimeOnly:0 HLODRelevant:0 Parent:F0BB2ABA4DD6A1F559D42A8EF3C79CEF FolderPath:Destruibles FolderGuid:18D91CC849BD08D5C7D37680C2B854AF
 |   |   |- Guid:DC5281E546477A0EA3402185E61F93A4 BaseClass: NativeClass:/Script/Niagara.NiagaraActor Name:NiagaraActor_UAID_F854F6DC2ADCF1CC02_1454985337 Label:P_Fire SpatiallyLoaded:1 Bounds:IsValid=true, Min=(X=1252.604 Y=1874.383 Z=-53.156), Max=(X=1395.518 Y=2024.828 Z=114.776) RuntimeGrid:None EditorOnly:0 RuntimeOnly:0 HLODRelevant:0 FolderPath:Fireplace FolderGuid:6B48E697406D3D12A58F6096FB4ACE15
 |   |   |- Guid:DE094B1F4737D113F06F98A371100458 BaseClass: NativeClass:/Script/Engine.StaticMeshActor Name:StaticMeshActor_UAID_F854F6DC2ADCD6D302_1618543004 Label:Tent_LOD0 SpatiallyLoaded:1 Bounds:IsValid=true, Min=(X=1112.358 Y=569.714 Z=-40.968), Max=(X=2826.725 Y=2279.577 Z=399.183) RuntimeGrid:None EditorOnly:0 RuntimeOnly:0 HLODRelevant:1 FolderPath:Casitas/Tent FolderGuid:E219AE134FB862DDEA0EADB1703B980D
 |   |   |- Guid:E42CAF91483F11A03EC0E0BB765170DF BaseClass: NativeClass:/Script/Engine.StaticMeshActor Name:StaticMeshActor_UAID_F854F6DC2ADC14DF02_1733094503 Label:Arrow SpatiallyLoaded:1 Bounds:IsValid=true, Min=(X=-1556.875 Y=1301.264 Z=-2.894), Max=(X=-1553.018 Y=1381.341 Z=0.517) RuntimeGrid:None EditorOnly:0 RuntimeOnly:0 HLODRelevant:1
 |   |   |- Guid:E76AED0E4C635150C3BAD0B108BC25F7 BaseClass:/Game/Destruibles/AnchorDestruible.AnchorDestruible_C NativeClass:/Script/FieldSystemEngine.FieldSystemActor Name:AnchorDestruible_C_UAID_F854F6DC2ADCEDCC02_2102332654 Label:AnchorDestruible6 SpatiallyLoaded:1 Bounds:IsValid=true, Min=(X=2140.000 Y=1760.000 Z=-12.500), Max=(X=2160.000 Y=1780.000 Z=24.375) RuntimeGrid:None EditorOnly:0 RuntimeOnly:0 HLODRelevant:0 Parent:A678B00D4152A9303204AB823B7964DA FolderPath:Destruibles FolderGuid:18D91CC849BD08D5C7D37680C2B854AF
 |   |   |- Guid:EACEA0314111F874BD8BDFAA5E386549 BaseClass: NativeClass:/Script/Engine.StaticMeshActor Name:StaticMeshActor_UAID_F854F6DC2ADC07C402_1989437708 Label:Daisy_1 SpatiallyLoaded:1 Bounds:IsValid=true, Min=(X=4300.505 Y=1328.576 Z=21.306), Max=(X=4329.619 Y=1357.617 Z=79.375) RuntimeGrid:None EditorOnly:0 RuntimeOnly:0 HLODRelevant:1
 |   |   |- Guid:EC4E0C944CE6AC6E784BC6BB2916EA13 BaseClass: NativeClass:/Script/Engine.StaticMeshActor Name:StaticMeshActor_UAID_A4AE111137DC5EFB00_1110535423 Label:SM_SkySphere SpatiallyLoaded:0 Bounds:IsValid=true, Min=(X=-1638400.000 Y=-1638400.000 Z=-1638400.000), Max=(X=1638400.000 Y=1638400.000 Z=1638400.000) RuntimeGrid:None EditorOnly:0 RuntimeOnly:0 HLODRelevant:1 FolderPath:Lighting FolderGuid:963EC3EB4002CCE9759E2EBA541A873A
 |   |   |- Guid:ED6B5C9D4C460C8765268BAAD64370CC BaseClass: NativeClass:/Script/Engine.StaticMeshActor Name:StaticMeshActor_UAID_F854F6DC2ADCEFCC02_1216949983 Label:Wood_pile2 SpatiallyLoaded:1 Bounds:IsValid=true, Min=(X=1286.320 Y=1909.484 Z=-23.710), Max=(X=1351.626 Y=2010.387 Z=27.865) RuntimeGrid:None EditorOnly:0 RuntimeOnly:0 HLODRelevant:1 FolderPath:Fireplace FolderGuid:6B48E697406D3D12A58F6096FB4ACE15
 |   |   |- Guid:EE797799472EA819485CEAB67860A814 BaseClass:/Game/Destruibles/AnchorDestruible.AnchorDestruible_C NativeClass:/Script/FieldSystemEngine.FieldSystemActor Name:AnchorDestruible_C_UAID_F854F6DC2ADCECCC02_1828550462 Label:AnchorDestruible2 SpatiallyLoaded:1 Bounds:IsValid=true, Min=(X=2230.000 Y=1120.000 Z=-12.500), Max=(X=2250.000 Y=1140.000 Z=24.375) RuntimeGrid:None EditorOnly:0 RuntimeOnly:0 HLODRelevant:0 Parent:02E9033B4539E53FFAB34DBC428ECB82 FolderPath:Destruibles FolderGuid:18D91CC849BD08D5C7D37680C2B854AF
 |   |   |- Guid:F0BB2ABA4DD6A1F559D42A8EF3C79CEF BaseClass: NativeClass:/Script/GeometryCollectionEngine.GeometryCollectionActor Name:GeometryCollectionActor_UAID_F854F6DC2ADCEDCC02_1206931648 Label:Square_Pot_GeometryCollection SpatiallyLoaded:1 Bounds:IsValid=true, Min=(X=2167.276 Y=1077.860 Z=0.069), Max=(X=2212.225 Y=1122.810 Z=59.884) RuntimeGrid:None EditorOnly:0 RuntimeOnly:0 HLODRelevant:0 FolderPath:Destruibles FolderGuid:18D91CC849BD08D5C7D37680C2B854AF
 |   |   |- Guid:F15D59114D47326006B721BCBBE44D6A BaseClass: NativeClass:/Script/Niagara.NiagaraActor Name:NiagaraActor_UAID_F854F6DC2ADCDCD302_1154263038 Label:P_Fireflights2 SpatiallyLoaded:1 Bounds:IsValid=true, Min=(X=4180.000 Y=1270.000 Z=-80.000), Max=(X=4380.000 Y=1470.000 Z=120.000) RuntimeGrid:None EditorOnly:0 RuntimeOnly:0 HLODRelevant:0
 |   |   |- Guid:F5E3FEB3450C49844FD93DA8E083C8AD BaseClass: NativeClass:/Script/Engine.PostProcessVolume Name:PostProcessVolume_0 Label:PostProcessVolume SpatiallyLoaded:0 Bounds:IsValid=true, Min=(X=0.000 Y=0.000 Z=400.000), Max=(X=200.000 Y=200.000 Z=600.000) RuntimeGrid:None EditorOnly:0 RuntimeOnly:0 HLODRelevant:0 FolderPath:Lighting FolderGuid:963EC3EB4002CCE9759E2EBA541A873A
 |   |- [+] Clusters:
 |   |   |- [+] [  0]
 |   |   |   |- Guid:6BAF4DDD444C60371492D3919DB42C97 BaseClass: NativeClass:/Script/Engine.WorldDataLayers Name:WorldDataLayers Label:WorldDataLayers SpatiallyLoaded:0 Bounds:IsValid=true, Min=(X=0.000 Y=0.000 Z=0.000), Max=(X=0.000 Y=0.000 Z=0.000) RuntimeGrid:None EditorOnly:0 RuntimeOnly:0 HLODRelevant:0
 |   |   |- [+] [  1]
 |   |   |   |- Guid:A69740854953D9F4EB9C5F9163CF129D BaseClass: NativeClass:/Script/Engine.StaticMeshActor Name:StaticMeshActor_UAID_F854F6DC2ADC08C402_1805201879 Label:Daisy_patch2 SpatiallyLoaded:1 Bounds:IsValid=true, Min=(X=4205.927 Y=1341.845 Z=15.793), Max=(X=4266.596 Y=1387.922 Z=82.792) RuntimeGrid:None EditorOnly:0 RuntimeOnly:0 HLODRelevant:1
 |   |   |- [+] [  2]
 |   |   |   |- Guid:31D16E174BB47B1D3C4984B9F4233050 BaseClass: NativeClass:/Script/Niagara.NiagaraActor Name:NiagaraActor_UAID_F854F6DC2ADCF3CC02_1397100690 Label:P_Smoke SpatiallyLoaded:1 Bounds:IsValid=true, Min=(X=1199.867 Y=1857.254 Z=-64.076), Max=(X=1390.476 Y=2041.538 Z=228.375) RuntimeGrid:None EditorOnly:0 RuntimeOnly:0 HLODRelevant:0 FolderPath:Fireplace FolderGuid:6B48E697406D3D12A58F6096FB4ACE15
 |   |   |- [+] [  3]
 |   |   |   |- Guid:EACEA0314111F874BD8BDFAA5E386549 BaseClass: NativeClass:/Script/Engine.StaticMeshActor Name:StaticMeshActor_UAID_F854F6DC2ADC07C402_1989437708 Label:Daisy_1 SpatiallyLoaded:1 Bounds:IsValid=true, Min=(X=4300.505 Y=1328.576 Z=21.306), Max=(X=4329.619 Y=1357.617 Z=79.375) RuntimeGrid:None EditorOnly:0 RuntimeOnly:0 HLODRelevant:1
 |   |   |- [+] [  4]
 |   |   |   |- Guid:F0BB2ABA4DD6A1F559D42A8EF3C79CEF BaseClass: NativeClass:/Script/GeometryCollectionEngine.GeometryCollectionActor Name:GeometryCollectionActor_UAID_F854F6DC2ADCEDCC02_1206931648 Label:Square_Pot_GeometryCollection SpatiallyLoaded:1 Bounds:IsValid=true, Min=(X=2167.276 Y=1077.860 Z=0.069), Max=(X=2212.225 Y=1122.810 Z=59.884) RuntimeGrid:None EditorOnly:0 RuntimeOnly:0 HLODRelevant:0 FolderPath:Destruibles FolderGuid:18D91CC849BD08D5C7D37680C2B854AF
 |   |   |   |- Guid:DA9A90D54A2DE9F0905438A723C7837E BaseClass:/Game/Destruibles/AnchorDestruible.AnchorDestruible_C NativeClass:/Script/FieldSystemEngine.FieldSystemActor Name:AnchorDestruible_C_UAID_F854F6DC2ADCECCC02_2134323468 Label:AnchorDestruible4 SpatiallyLoaded:1 Bounds:IsValid=true, Min=(X=2180.000 Y=1090.000 Z=-22.500), Max=(X=2200.000 Y=1110.000 Z=14.375) RuntimeGrid:None EditorOnly:0 RuntimeOnly:0 HLODRelevant:0 Parent:F0BB2ABA4DD6A1F559D42A8EF3C79CEF FolderPath:Destruibles FolderGuid:18D91CC849BD08D5C7D37680C2B854AF
 |   |   |- [+] [  5]
 |   |   |   |- Guid:F5E3FEB3450C49844FD93DA8E083C8AD BaseClass: NativeClass:/Script/Engine.PostProcessVolume Name:PostProcessVolume_0 Label:PostProcessVolume SpatiallyLoaded:0 Bounds:IsValid=true, Min=(X=0.000 Y=0.000 Z=400.000), Max=(X=200.000 Y=200.000 Z=600.000) RuntimeGrid:None EditorOnly:0 RuntimeOnly:0 HLODRelevant:0 FolderPath:Lighting FolderGuid:963EC3EB4002CCE9759E2EBA541A873A
 |   |   |- [+] [  6]
 |   |   |   |- Guid:2DDF095C49F4750BAE2B46802AAD0B43 BaseClass: NativeClass:/Script/Landscape.LandscapeStreamingProxy Name:LandscapeStreamingProxy_AV9GHCSVL4EA56VSNM6GNZKME_62_-2_-2_0 Label:LandscapeStreamingProxy_-2_-2_0 SpatiallyLoaded:1 Bounds:IsValid=true, Min=(X=-13900.000 Y=-13900.000 Z=0.000), Max=(X=-13900.000 Y=-13900.000 Z=0.000) RuntimeGrid:None EditorOnly:0 RuntimeOnly:0 HLODRelevant:0
 |   |   |- [+] [  7]
 |   |   |   |- Guid:03A0E23A41C4E39C57A2F9BA81BE5BEA BaseClass: NativeClass:/Script/Foliage.InstancedFoliageActor Name:InstancedFoliageActor_25600_-1_0_0 Label:InstancedFoliageActor_-1_0_0 SpatiallyLoaded:1 Bounds:IsValid=true, Min=(X=-25600.000 Y=0.000 Z=0.000), Max=(X=0.000 Y=25600.000 Z=25600.000) RuntimeGrid:None EditorOnly:0 RuntimeOnly:0 HLODRelevant:1
 |   |   |- [+] [  8]
 |   |   |   |- Guid:DE094B1F4737D113F06F98A371100458 BaseClass: NativeClass:/Script/Engine.StaticMeshActor Name:StaticMeshActor_UAID_F854F6DC2ADCD6D302_1618543004 Label:Tent_LOD0 SpatiallyLoaded:1 Bounds:IsValid=true, Min=(X=1112.358 Y=569.714 Z=-40.968), Max=(X=2826.725 Y=2279.577 Z=399.183) RuntimeGrid:None EditorOnly:0 RuntimeOnly:0 HLODRelevant:1 FolderPath:Casitas/Tent FolderGuid:E219AE134FB862DDEA0EADB1703B980D
 |   |   |- [+] [  9]
 |   |   |   |- Guid:56A564A24DC6C24498EA2C9095D3DDB1 BaseClass: NativeClass:/Script/Niagara.NiagaraActor Name:NiagaraActor_UAID_F854F6DC2ADCEFCC02_1612675984 Label:P_Fireflights SpatiallyLoaded:1 Bounds:IsValid=true, Min=(X=-3380.932 Y=3000.975 Z=227.876), Max=(X=-3180.932 Y=3200.975 Z=427.876) RuntimeGrid:None EditorOnly:0 RuntimeOnly:0 HLODRelevant:0
 |   |   |- [+] [ 10]
 |   |   |   |- Guid:ED6B5C9D4C460C8765268BAAD64370CC BaseClass: NativeClass:/Script/Engine.StaticMeshActor Name:StaticMeshActor_UAID_F854F6DC2ADCEFCC02_1216949983 Label:Wood_pile2 SpatiallyLoaded:1 Bounds:IsValid=true, Min=(X=1286.320 Y=1909.484 Z=-23.710), Max=(X=1351.626 Y=2010.387 Z=27.865) RuntimeGrid:None EditorOnly:0 RuntimeOnly:0 HLODRelevant:1 FolderPath:Fireplace FolderGuid:6B48E697406D3D12A58F6096FB4ACE15
 |   |   |- [+] [ 11]
 |   |   |   |- Guid:8EBA6BE84D1DEC90DD7F859BF0660E94 BaseClass: NativeClass:/Script/Landscape.LandscapeStreamingProxy Name:LandscapeStreamingProxy_AV9GHCSVL4EA56VSNM6GNZKME_62_-1_-1_0 Label:LandscapeStreamingProxy_-1_-1_0 SpatiallyLoaded:1 Bounds:IsValid=true, Min=(X=-4600.000 Y=-4600.000 Z=99.219), Max=(X=-1500.000 Y=-1500.000 Z=2616.406) RuntimeGrid:None EditorOnly:0 RuntimeOnly:0 HLODRelevant:1
 |   |   |- [+] [ 12]
 |   |   |   |- Guid:3C93386947FD6DC012B08EB9BA836E7D BaseClass: NativeClass:/Script/Landscape.LandscapeStreamingProxy Name:LandscapeStreamingProxy_AV9GHCSVL4EA56VSNM6GNZKME_62_1_0_0 Label:LandscapeStreamingProxy_1_0_0 SpatiallyLoaded:1 Bounds:IsValid=true, Min=(X=4700.000 Y=-1500.000 Z=-736.719), Max=(X=7800.000 Y=4700.000 Z=4223.438) RuntimeGrid:None EditorOnly:0 RuntimeOnly:0 HLODRelevant:1
 |   |   |- [+] [ 13]
 |   |   |   |- Guid:A3E0954E4CD3AF475E8A829AD79FF685 BaseClass: NativeClass:/Script/Engine.StaticMeshActor Name:StaticMeshActor_UAID_F854F6DC2ADCD7D302_1901114182 Label:Table_LOD1 SpatiallyLoaded:1 Bounds:IsValid=true, Min=(X=1561.662 Y=1213.472 Z=-0.000), Max=(X=1757.667 Y=1445.962 Z=76.167) RuntimeGrid:None EditorOnly:0 RuntimeOnly:0 HLODRelevant:1 FolderPath:Casitas/Tent FolderGuid:E219AE134FB862DDEA0EADB1703B980D
 |   |   |- [+] [ 14]
 |   |   |   |- Guid:6C37F43F40AD0740B40AAC9330BD368C BaseClass: NativeClass:/Script/Engine.StaticMeshActor Name:StaticMeshActor_UAID_F854F6DC2ADCDBD302_1730619857 Label:Stool_LOD1 SpatiallyLoaded:1 Bounds:IsValid=true, Min=(X=1549.353 Y=1327.335 Z=-0.122), Max=(X=1611.095 Y=1393.223 Z=31.645) RuntimeGrid:None EditorOnly:0 RuntimeOnly:0 HLODRelevant:1 FolderPath:Casitas/Tent FolderGuid:E219AE134FB862DDEA0EADB1703B980D
 |   |   |- [+] [ 15]
 |   |   |   |- Guid:4D3BE93F4146AAAC8BBE79999D96D57F BaseClass: NativeClass:/Script/Engine.VolumetricCloud Name:VolumetricCloud_0 Label:VolumetricCloud SpatiallyLoaded:0 Bounds:IsValid=true, Min=(X=0.000 Y=0.000 Z=820.000), Max=(X=0.000 Y=0.000 Z=820.000) RuntimeGrid:None EditorOnly:0 RuntimeOnly:0 HLODRelevant:0 FolderPath:Lighting FolderGuid:963EC3EB4002CCE9759E2EBA541A873A
 |   |   |- [+] [ 16]
 |   |   |   |- Guid:98DBBFC94185C6B40AE894A1519D78FA BaseClass: NativeClass:/Script/Engine.StaticMeshActor Name:StaticMeshActor_UAID_F854F6DC2ADCDBD302_1699047855 Label:Stool_LOD0 SpatiallyLoaded:1 Bounds:IsValid=true, Min=(X=1939.529 Y=1154.164 Z=-0.122), Max=(X=1980.580 Y=1206.543 Z=31.645) RuntimeGrid:None EditorOnly:0 RuntimeOnly:0 HLODRelevant:1 FolderPath:Casitas/Tent FolderGuid:E219AE134FB862DDEA0EADB1703B980D
 |   |   |- [+] [ 17]
 |   |   |   |- Guid:CCFF262C46EEFFDF319E7F9539CE697E BaseClass: NativeClass:/Script/Engine.SkyAtmosphere Name:SkyAtmosphere_0 Label:SkyAtmosphere SpatiallyLoaded:0 Bounds:IsValid=true, Min=(X=0.000 Y=0.000 Z=1020.000), Max=(X=0.000 Y=0.000 Z=1020.000) RuntimeGrid:None EditorOnly:0 RuntimeOnly:0 HLODRelevant:0 FolderPath:Lighting FolderGuid:963EC3EB4002CCE9759E2EBA541A873A
 |   |   |- [+] [ 18]
 |   |   |   |- Guid:EC4E0C944CE6AC6E784BC6BB2916EA13 BaseClass: NativeClass:/Script/Engine.StaticMeshActor Name:StaticMeshActor_UAID_A4AE111137DC5EFB00_1110535423 Label:SM_SkySphere SpatiallyLoaded:0 Bounds:IsValid=true, Min=(X=-1638400.000 Y=-1638400.000 Z=-1638400.000), Max=(X=1638400.000 Y=1638400.000 Z=1638400.000) RuntimeGrid:None EditorOnly:0 RuntimeOnly:0 HLODRelevant:1 FolderPath:Lighting FolderGuid:963EC3EB4002CCE9759E2EBA541A873A
 |   |   |- [+] [ 19]
 |   |   |   |- Guid:E76AED0E4C635150C3BAD0B108BC25F7 BaseClass:/Game/Destruibles/AnchorDestruible.AnchorDestruible_C NativeClass:/Script/FieldSystemEngine.FieldSystemActor Name:AnchorDestruible_C_UAID_F854F6DC2ADCEDCC02_2102332654 Label:AnchorDestruible6 SpatiallyLoaded:1 Bounds:IsValid=true, Min=(X=2140.000 Y=1760.000 Z=-12.500), Max=(X=2160.000 Y=1780.000 Z=24.375) RuntimeGrid:None EditorOnly:0 RuntimeOnly:0 HLODRelevant:0 Parent:A678B00D4152A9303204AB823B7964DA FolderPath:Destruibles FolderGuid:18D91CC849BD08D5C7D37680C2B854AF
 |   |   |   |- Guid:A678B00D4152A9303204AB823B7964DA BaseClass: NativeClass:/Script/GeometryCollectionEngine.GeometryCollectionActor Name:GeometryCollectionActor_UAID_F854F6DC2ADCEDCC02_2117212656 Label:Wooden_Bucket2_GeometryCollection SpatiallyLoaded:1 Bounds:IsValid=true, Min=(X=2135.529 Y=1756.376 Z=0.064), Max=(X=2164.735 Y=1783.437 Z=28.297) RuntimeGrid:None EditorOnly:0 RuntimeOnly:0 HLODRelevant:0 FolderPath:Destruibles FolderGuid:18D91CC849BD08D5C7D37680C2B854AF
 |   |   |- [+] [ 20]
 |   |   |   |- Guid:E42CAF91483F11A03EC0E0BB765170DF BaseClass: NativeClass:/Script/Engine.StaticMeshActor Name:StaticMeshActor_UAID_F854F6DC2ADC14DF02_1733094503 Label:Arrow SpatiallyLoaded:1 Bounds:IsValid=true, Min=(X=-1556.875 Y=1301.264 Z=-2.894), Max=(X=-1553.018 Y=1381.341 Z=0.517) RuntimeGrid:None EditorOnly:0 RuntimeOnly:0 HLODRelevant:1
 |   |   |- [+] [ 21]
 |   |   |   |- Guid:BBFD419F482334DF6E803C95D59A81FE BaseClass: NativeClass:/Script/GeometryCollectionEngine.GeometryCollectionActor Name:GeometryCollectionActor_UAID_F854F6DC2ADCE9CC02_1130004930 Label:Barrel_LOD0_GeometryCollection2 SpatiallyLoaded:1 Bounds:IsValid=true, Min=(X=2229.847 Y=2071.229 Z=-10.112), Max=(X=2307.042 Y=2148.415 Z=86.857) RuntimeGrid:None EditorOnly:0 RuntimeOnly:0 HLODRelevant:0 FolderPath:Destruibles FolderGuid:18D91CC849BD08D5C7D37680C2B854AF
 |   |   |   |- Guid:94AFE4404DD6E6B36D78B38CBE47D2F5 BaseClass:/Game/Destruibles/AnchorDestruible.AnchorDestruible_C NativeClass:/Script/FieldSystemEngine.FieldSystemActor Name:AnchorDestruible_C_UAID_F854F6DC2ADCE9CC02_1539778931 Label:AnchorDestruible SpatiallyLoaded:1 Bounds:IsValid=true, Min=(X=2240.000 Y=2080.000 Z=-22.500), Max=(X=2300.000 Y=2140.000 Z=38.125) RuntimeGrid:None EditorOnly:0 RuntimeOnly:0 HLODRelevant:0 Parent:BBFD419F482334DF6E803C95D59A81FE FolderPath:Destruibles FolderGuid:18D91CC849BD08D5C7D37680C2B854AF
 |   |   |- [+] [ 22]
 |   |   |   |- Guid:B785ED2844B84CFB91E7F39FE661CD99 BaseClass: NativeClass:/Script/Engine.DirectionalLight Name:DirectionalLight_0 Label:DirectionalLight SpatiallyLoaded:0 Bounds:IsValid=true, Min=(X=-1048576.000 Y=-1048576.000 Z=-1048576.000), Max=(X=1048576.000 Y=1048576.000 Z=1048576.000) RuntimeGrid:None EditorOnly:0 RuntimeOnly:0 HLODRelevant:0 FolderPath:Lighting FolderGuid:963EC3EB4002CCE9759E2EBA541A873A
 |   |   |- [+] [ 23]
 |   |   |   |- Guid:C37D05F1421A9AD52955DC8F807814C8 BaseClass: NativeClass:/Script/Engine.StaticMeshActor Name:StaticMeshActor_UAID_F854F6DC2ADC05C402_2008831351 Label:Wood_pile SpatiallyLoaded:1 Bounds:IsValid=true, Min=(X=1257.141 Y=1883.652 Z=-19.163), Max=(X=1369.710 Y=1987.645 Z=6.063) RuntimeGrid:None EditorOnly:0 RuntimeOnly:0 HLODRelevant:1 FolderPath:Fireplace FolderGuid:6B48E697406D3D12A58F6096FB4ACE15
 |   |   |- [+] [ 24]
 |   |   |   |- Guid:316CF2A6494ACA4C0E4180A87D36AB8F BaseClass: NativeClass:/Script/Engine.ExponentialHeightFog Name:ExponentialHeightFog_0 Label:ExponentialHeightFog SpatiallyLoaded:0 Bounds:IsValid=true, Min=(X=-5600.000 Y=-50.000 Z=-6850.000), Max=(X=-5600.000 Y=-50.000 Z=-6850.000) RuntimeGrid:None EditorOnly:0 RuntimeOnly:0 HLODRelevant:0 FolderPath:Lighting FolderGuid:963EC3EB4002CCE9759E2EBA541A873A
 |   |   |- [+] [ 25]
 |   |   |   |- Guid:BF876ADB41EB2B445FAAC08CB09A801B BaseClass: NativeClass:/Script/Engine.StaticMeshActor Name:StaticMeshActor_UAID_F854F6DC2ADCEECC02_1765481833 Label:House_1 SpatiallyLoaded:1 Bounds:IsValid=true, Min=(X=1811.198 Y=2038.797 Z=-27.270), Max=(X=2910.177 Y=3109.641 Z=825.760) RuntimeGrid:None EditorOnly:0 RuntimeOnly:0 HLODRelevant:1 FolderPath:Casitas FolderGuid:BBDBAD2B40F35253EEFC79A492A20961
 |   |   |- [+] [ 26]
 |   |   |   |- Guid:59FA2561462C8279C2470BABCE75B554 BaseClass: NativeClass:/Script/Landscape.Landscape Name:Landscape_UAID_581122B2747A9CC102_1838571759 Label:Landscape SpatiallyLoaded:0 Bounds:IsValid=true, Min=(X=-1500.000 Y=-1500.000 Z=0.000), Max=(X=-1500.000 Y=-1500.000 Z=0.000) RuntimeGrid:None EditorOnly:0 RuntimeOnly:0 HLODRelevant:0
 |   |   |- [+] [ 27]
 |   |   |   |- Guid:2FB58999456391D349DC0F86DAC136ED BaseClass: NativeClass:/Script/Engine.SkyLight Name:SkyLight_1 Label:SkyLight SpatiallyLoaded:0 Bounds:IsValid=true, Min=(X=0.000 Y=0.000 Z=690.000), Max=(X=0.000 Y=0.000 Z=690.000) RuntimeGrid:None EditorOnly:0 RuntimeOnly:0 HLODRelevant:0 FolderPath:Lighting FolderGuid:963EC3EB4002CCE9759E2EBA541A873A
 |   |   |- [+] [ 28]
 |   |   |   |- Guid:D2585F3F43D65D0F3D3A0B9C0919A465 BaseClass:/Game/Destruibles/AnchorDestruible.AnchorDestruible_C NativeClass:/Script/FieldSystemEngine.FieldSystemActor Name:AnchorDestruible_C_UAID_F854F6DC2ADCECCC02_2123981467 Label:AnchorDestruible3 SpatiallyLoaded:1 Bounds:IsValid=true, Min=(X=2240.000 Y=1170.000 Z=-2.500), Max=(X=2260.000 Y=1190.000 Z=34.375) RuntimeGrid:None EditorOnly:0 RuntimeOnly:0 HLODRelevant:0 Parent:5306E2BF47226F4856A77D8B77B2132C FolderPath:Destruibles FolderGuid:18D91CC849BD08D5C7D37680C2B854AF
 |   |   |   |- Guid:5306E2BF47226F4856A77D8B77B2132C BaseClass: NativeClass:/Script/GeometryCollectionEngine.GeometryCollectionActor Name:GeometryCollectionActor_UAID_F854F6DC2ADCEDCC02_1146436646 Label:Tall_Pot_GeometryCollection SpatiallyLoaded:1 Bounds:IsValid=true, Min=(X=2223.340 Y=1153.663 Z=-0.011), Max=(X=2276.161 Y=1206.484 Z=79.315) RuntimeGrid:None EditorOnly:0 RuntimeOnly:0 HLODRelevant:0 FolderPath:Destruibles FolderGuid:18D91CC849BD08D5C7D37680C2B854AF
 |   |   |- [+] [ 29]
 |   |   |   |- Guid:76424EA0413E3AA12847AF822A4E790C BaseClass: NativeClass:/Script/Engine.StaticMeshActor Name:StaticMeshActor_UAID_F854F6DC2ADCD5C302_2099776905 Label:Wolf SpatiallyLoaded:1 Bounds:IsValid=true, Min=(X=1414.544 Y=2406.773 Z=-13.665), Max=(X=1555.917 Y=2656.230 Z=133.160) RuntimeGrid:None EditorOnly:0 RuntimeOnly:0 HLODRelevant:1
 |   |   |- [+] [ 30]
 |   |   |   |- Guid:10228EA143115EDA17CEC3BA438B3F69 BaseClass: NativeClass:/Script/Foliage.InstancedFoliageActor Name:InstancedFoliageActor_25600_-1_0_-1 Label:InstancedFoliageActor_-1_0_-1 SpatiallyLoaded:1 Bounds:IsValid=true, Min=(X=-25600.000 Y=0.000 Z=-25600.000), Max=(X=0.000 Y=25600.000 Z=0.000) RuntimeGrid:None EditorOnly:0 RuntimeOnly:0 HLODRelevant:1
 |   |   |- [+] [ 31]
 |   |   |   |- Guid:6EDB1A0643CEC49712DA97A2A49A8248 BaseClass:/Game/Destruibles/AnchorDestruible.AnchorDestruible_C NativeClass:/Script/FieldSystemEngine.FieldSystemActor Name:AnchorDestruible_C_UAID_F854F6DC2ADCEDCC02_2087979653 Label:AnchorDestruible5 SpatiallyLoaded:1 Bounds:IsValid=true, Min=(X=2030.000 Y=1740.000 Z=-12.500), Max=(X=2050.000 Y=1760.000 Z=24.375) RuntimeGrid:None EditorOnly:0 RuntimeOnly:0 HLODRelevant:0 Parent:198F2A1E413B4E6C5781308B05A65520 FolderPath:Destruibles FolderGuid:18D91CC849BD08D5C7D37680C2B854AF
 |   |   |   |- Guid:198F2A1E413B4E6C5781308B05A65520 BaseClass: NativeClass:/Script/GeometryCollectionEngine.GeometryCollectionActor Name:GeometryCollectionActor_UAID_F854F6DC2ADCEDCC02_2111274655 Label:Wooden_Bucket1_GeometryCollection SpatiallyLoaded:1 Bounds:IsValid=true, Min=(X=2007.617 Y=1717.972 Z=0.083), Max=(X=2072.085 Y=1782.601 Z=36.787) RuntimeGrid:None EditorOnly:0 RuntimeOnly:0 HLODRelevant:0 FolderPath:Destruibles FolderGuid:18D91CC849BD08D5C7D37680C2B854AF
 |   |   |- [+] [ 32]
 |   |   |   |- Guid:2658CED944A1A174AD641D99BF93DD2F BaseClass: NativeClass:/Script/Engine.StaticMeshActor Name:StaticMeshActor_UAID_F854F6DC2ADCD4C302_1456968727 Label:Well SpatiallyLoaded:1 Bounds:IsValid=true, Min=(X=2468.960 Y=1758.312 Z=-25.085), Max=(X=2708.831 Y=1962.414 Z=302.006) RuntimeGrid:None EditorOnly:0 RuntimeOnly:0 HLODRelevant:1
 |   |   |- [+] [ 33]
 |   |   |   |- Guid:0CE18D7B49F2B4E789BBAD91F112BDE0 BaseClass: NativeClass:/Script/Foliage.InstancedFoliageActor Name:InstancedFoliageActor_25600_0_0_0 Label:InstancedFoliageActor_0_0_0 SpatiallyLoaded:1 Bounds:IsValid=true, Min=(X=0.000 Y=0.000 Z=0.000), Max=(X=25600.000 Y=25600.000 Z=25600.000) RuntimeGrid:None EditorOnly:0 RuntimeOnly:0 HLODRelevant:1
 |   |   |- [+] [ 34]
 |   |   |   |- Guid:6C76FDF645EA8D2FFE05AB8911104F1E BaseClass: NativeClass:/Script/Engine.StaticMeshActor Name:StaticMeshActor_UAID_F854F6DC2ADCD8D302_1589993359 Label:Crate_LOD0 SpatiallyLoaded:1 Bounds:IsValid=true, Min=(X=2255.301 Y=1362.601 Z=10.058), Max=(X=2458.071 Y=1588.889 Z=120.051) RuntimeGrid:None EditorOnly:0 RuntimeOnly:0 HLODRelevant:1 FolderPath:Casitas/Tent FolderGuid:E219AE134FB862DDEA0EADB1703B980D
 |   |   |- [+] [ 35]
 |   |   |   |- Guid:DC5281E546477A0EA3402185E61F93A4 BaseClass: NativeClass:/Script/Niagara.NiagaraActor Name:NiagaraActor_UAID_F854F6DC2ADCF1CC02_1454985337 Label:P_Fire SpatiallyLoaded:1 Bounds:IsValid=true, Min=(X=1252.604 Y=1874.383 Z=-53.156), Max=(X=1395.518 Y=2024.828 Z=114.776) RuntimeGrid:None EditorOnly:0 RuntimeOnly:0 HLODRelevant:0 FolderPath:Fireplace FolderGuid:6B48E697406D3D12A58F6096FB4ACE15
 |   |   |- [+] [ 36]
 |   |   |   |- Guid:4CF657C0439F752644401596BD4A9270 BaseClass: NativeClass:/Script/Foliage.InstancedFoliageActor Name:InstancedFoliageActor_25600_0_-1_0 Label:InstancedFoliageActor_0_-1_0 SpatiallyLoaded:1 Bounds:IsValid=true, Min=(X=0.000 Y=-25600.000 Z=0.000), Max=(X=25600.000 Y=0.000 Z=25600.000) RuntimeGrid:None EditorOnly:0 RuntimeOnly:0 HLODRelevant:1
 |   |   |- [+] [ 37]
 |   |   |   |- Guid:38ABFE0940B17AF8E9F699A62563C60B BaseClass: NativeClass:/Script/Engine.StaticMeshActor Name:StaticMeshActor_UAID_F854F6DC2ADCDBD302_1714573856 Label:Long_Stool_LOD0 SpatiallyLoaded:1 Bounds:IsValid=true, Min=(X=1750.619 Y=1225.845 Z=0.284), Max=(X=1829.726 Y=1333.608 Z=37.643) RuntimeGrid:None EditorOnly:0 RuntimeOnly:0 HLODRelevant:1 FolderPath:Casitas/Tent FolderGuid:E219AE134FB862DDEA0EADB1703B980D
 |   |   |- [+] [ 38]
 |   |   |   |- Guid:4E41DFD34895B47F8A3C31B25D3271CF BaseClass: NativeClass:/Script/Landscape.LandscapeStreamingProxy Name:LandscapeStreamingProxy_AV9GHCSVL4EA56VSNM6GNZKME_62_0_-1_0 Label:LandscapeStreamingProxy_0_-1_0 SpatiallyLoaded:1 Bounds:IsValid=true, Min=(X=-1500.000 Y=-4600.000 Z=317.188), Max=(X=4700.000 Y=-1500.000 Z=3378.906) RuntimeGrid:None EditorOnly:0 RuntimeOnly:0 HLODRelevant:1
 |   |   |- [+] [ 39]
 |   |   |   |- Guid:2A8BF96141449A37837FB394296D8418 BaseClass: NativeClass:/Script/Engine.StaticMeshActor Name:StaticMeshActor_UAID_F854F6DC2ADCD7D302_1879116181 Label:Table_LOD0 SpatiallyLoaded:1 Bounds:IsValid=true, Min=(X=1781.662 Y=1103.472 Z=-0.000), Max=(X=1977.667 Y=1335.962 Z=76.167) RuntimeGrid:None EditorOnly:0 RuntimeOnly:0 HLODRelevant:1 FolderPath:Casitas/Tent FolderGuid:E219AE134FB862DDEA0EADB1703B980D
 |   |   |- [+] [ 40]
 |   |   |   |- Guid:C777A1404BB55F3FF61CA58302E1BF3E BaseClass: NativeClass:/Script/Foliage.InstancedFoliageActor Name:InstancedFoliageActor_25600_0_-1_-1 Label:InstancedFoliageActor_0_-1_-1 SpatiallyLoaded:1 Bounds:IsValid=true, Min=(X=0.000 Y=-25600.000 Z=-25600.000), Max=(X=25600.000 Y=0.000 Z=0.000) RuntimeGrid:None EditorOnly:0 RuntimeOnly:0 HLODRelevant:1
 |   |   |- [+] [ 41]
 |   |   |   |- Guid:3618F85C4111AB20CA325380AD13F37B BaseClass: NativeClass:/Script/Landscape.LandscapeStreamingProxy Name:LandscapeStreamingProxy_AV9GHCSVL4EA56VSNM6GNZKME_62_1_-1_0 Label:LandscapeStreamingProxy_1_-1_0 SpatiallyLoaded:1 Bounds:IsValid=true, Min=(X=4700.000 Y=-4600.000 Z=317.188), Max=(X=7800.000 Y=-1500.000 Z=4174.219) RuntimeGrid:None EditorOnly:0 RuntimeOnly:0 HLODRelevant:1
 |   |   |- [+] [ 42]
 |   |   |   |- Guid:3A00AA1C422CE54C0BDB60BAF471BFBB BaseClass: NativeClass:/Script/Engine.PlayerStart Name:PlayerStart_0 Label:PlayerStart SpatiallyLoaded:0 Bounds:IsValid=true, Min=(X=-1710.000 Y=-1220.000 Z=450.013), Max=(X=-1630.000 Y=-1140.000 Z=634.013) RuntimeGrid:None EditorOnly:0 RuntimeOnly:0 HLODRelevant:0
 |   |   |- [+] [ 43]
 |   |   |   |- Guid:F15D59114D47326006B721BCBBE44D6A BaseClass: NativeClass:/Script/Niagara.NiagaraActor Name:NiagaraActor_UAID_F854F6DC2ADCDCD302_1154263038 Label:P_Fireflights2 SpatiallyLoaded:1 Bounds:IsValid=true, Min=(X=4180.000 Y=1270.000 Z=-80.000), Max=(X=4380.000 Y=1470.000 Z=120.000) RuntimeGrid:None EditorOnly:0 RuntimeOnly:0 HLODRelevant:0
 |   |   |- [+] [ 44]
 |   |   |   |- Guid:0D40869B4A52D43056D60596FC8ACA26 BaseClass: NativeClass:/Script/Landscape.LandscapeStreamingProxy Name:LandscapeStreamingProxy_AV9GHCSVL4EA56VSNM6GNZKME_62_0_0_0 Label:LandscapeStreamingProxy_0_0_0 SpatiallyLoaded:1 Bounds:IsValid=true, Min=(X=-1500.000 Y=-1500.000 Z=-736.719), Max=(X=4700.000 Y=4700.000 Z=2458.594) RuntimeGrid:None EditorOnly:0 RuntimeOnly:0 HLODRelevant:1
 |   |   |- [+] [ 45]
 |   |   |   |- Guid:9F70328E44D69233B5DD3D99DCE8F20E BaseClass: NativeClass:/Script/Foliage.InstancedFoliageActor Name:InstancedFoliageActor_25600_-1_-1_0 Label:InstancedFoliageActor_-1_-1_0 SpatiallyLoaded:1 Bounds:IsValid=true, Min=(X=-25600.000 Y=-25600.000 Z=0.000), Max=(X=0.000 Y=0.000 Z=25600.000) RuntimeGrid:None EditorOnly:0 RuntimeOnly:0 HLODRelevant:1
 |   |   |- [+] [ 46]
 |   |   |   |- Guid:35AA17BF4B9E67F91C17E9B7CDE76F21 BaseClass: NativeClass:/Script/Foliage.InstancedFoliageActor Name:InstancedFoliageActor_25600_0_0_-1 Label:InstancedFoliageActor_0_0_-1 SpatiallyLoaded:1 Bounds:IsValid=true, Min=(X=0.000 Y=0.000 Z=-25600.000), Max=(X=25600.000 Y=25600.000 Z=0.000) RuntimeGrid:None EditorOnly:0 RuntimeOnly:0 HLODRelevant:1
 |   |   |- [+] [ 47]
 |   |   |   |- Guid:02E9033B4539E53FFAB34DBC428ECB82 BaseClass: NativeClass:/Script/GeometryCollectionEngine.GeometryCollectionActor Name:GeometryCollectionActor_UAID_F854F6DC2ADCECCC02_1906010464 Label:Round_Pot_GeometryCollection SpatiallyLoaded:1 Bounds:IsValid=true, Min=(X=2214.961 Y=1105.178 Z=0.122), Max=(X=2264.435 Y=1154.652 Z=50.516) RuntimeGrid:None EditorOnly:0 RuntimeOnly:0 HLODRelevant:0 FolderPath:Destruibles FolderGuid:18D91CC849BD08D5C7D37680C2B854AF
 |   |   |   |- Guid:EE797799472EA819485CEAB67860A814 BaseClass:/Game/Destruibles/AnchorDestruible.AnchorDestruible_C NativeClass:/Script/FieldSystemEngine.FieldSystemActor Name:AnchorDestruible_C_UAID_F854F6DC2ADCECCC02_1828550462 Label:AnchorDestruible2 SpatiallyLoaded:1 Bounds:IsValid=true, Min=(X=2230.000 Y=1120.000 Z=-12.500), Max=(X=2250.000 Y=1140.000 Z=24.375) RuntimeGrid:None EditorOnly:0 RuntimeOnly:0 HLODRelevant:0 Parent:02E9033B4539E53FFAB34DBC428ECB82 FolderPath:Destruibles FolderGuid:18D91CC849BD08D5C7D37680C2B854AF
 |   |   |- [+] [ 48]
 |   |   |   |- Guid:8539C7B3465B985B2C8FEC9DA5488FF5 BaseClass: NativeClass:/Script/Landscape.LandscapeStreamingProxy Name:LandscapeStreamingProxy_AV9GHCSVL4EA56VSNM6GNZKME_62_-1_0_0 Label:LandscapeStreamingProxy_-1_0_0 SpatiallyLoaded:1 Bounds:IsValid=true, Min=(X=-4600.000 Y=-1500.000 Z=-121.875), Max=(X=-1500.000 Y=4700.000 Z=2421.094) RuntimeGrid:None EditorOnly:0 RuntimeOnly:0 HLODRelevant:1
 |   |   |- [+] [ 49]
 |   |   |   |- Guid:999579FE41FC4D800A17A58290B2D965 BaseClass: NativeClass:/Script/Engine.StaticMeshActor Name:StaticMeshActor_UAID_F854F6DC2ADC07C402_1927860707 Label:Daisy_2 SpatiallyLoaded:1 Bounds:IsValid=true, Min=(X=-3298.014 Y=3023.784 Z=347.892), Max=(X=-3264.096 Y=3059.880 Z=405.981) RuntimeGrid:None EditorOnly:0 RuntimeOnly:0 HLODRelevant:1
 |   |   |- [+] [ 50]
 |   |   |   |- Guid:AEB483894951A18EBA5B8E80A75193CE BaseClass: NativeClass:/Script/Engine.StaticMeshActor Name:StaticMeshActor_UAID_F854F6DC2ADC07C402_1500093706 Label:Daisy_patch SpatiallyLoaded:1 Bounds:IsValid=true, Min=(X=-3239.442 Y=3047.744 Z=312.368), Max=(X=-3168.060 Y=3093.821 Z=388.884) RuntimeGrid:None EditorOnly:0 RuntimeOnly:0 HLODRelevant:1
 |- ContainerInstances:
 |- [+] MainContainer:
 |   |-        ID: 0x0000000000000000
 |   |-    Bounds: IsValid=false, Min=(X=0.000 Y=0.000 Z=0.000), Max=(X=0.000 Y=0.000 Z=0.000)
 |   |- Transform: 0.000000,0.000000,0.000000|0.000000,0.000000,-0.000000|1.000000,1.000000,1.000000
 |   |- Container: /Game/ThirdPerson/Maps/ThirdPersonMap
----------------------------------------------------------------------------------------------------------------
ThirdPersonMap - Persistent Level
----------------------------------------------------------------------------------------------------------------
Always loaded Actor Count: 64 

----------------------------------------------------------------------------------------------------------------
ThirdPersonMap - Runtime Spatial Hash - Streaming Grid - MainGrid
----------------------------------------------------------------------------------------------------------------
            Origin: X=0.000 Y=0.000 Z=0.000
         Cell Size: 12800
      World Bounds: IsValid=false, Min=(X=0.000 Y=0.000 Z=0.000), Max=(X=0.000 Y=0.000 Z=0.000)
     Loading Range: 25600.00
Block Slow Loading: No
 ClientOnlyVisible: No

[+] Grid Levels: 1
 |- Level  0: Cell Count    0 | Cell Size   12800 | Actor Count    0 (0.0%)

[+] Content of Grid Level 0

